build/app/intermediates/manifest_merge_blame_file/debug/manifest-merger-blame-debug-report.txt
1<?xml version="1.0" encoding="utf-8"?>
2<manifest xmlns:android="http://schemas.android.com/apk/res/android"
3    package="uz.globens"
4    android:versionCode="1"
5    android:versionName="1.0.0" >
6
7    <uses-sdk
8        android:minSdkVersion="21"
9        android:targetSdkVersion="30" />
10    <!--
11         Flutter needs it to communicate with the running application
12         to allow setting breakpoints, to provide hot reload, etc.
13    -->
14    <uses-permission android:name="android.permission.INTERNET" />
14-->src/debug/AndroidManifest.xml:6:5-66
14-->src/debug/AndroidManifest.xml:6:22-64
15    <uses-permission android:name="android.permission.READ_EXTERNAL_STORAGE" />
15-->[:image_picker] AndroidManifest.xml:7:5-80
15-->[:image_picker] AndroidManifest.xml:7:22-77
16    <uses-permission android:name="android.permission.WRITE_EXTERNAL_STORAGE" />
16-->[:image_picker] AndroidManifest.xml:8:5-81
16-->[:image_picker] AndroidManifest.xml:8:22-78
17    <uses-permission android:name="android.permission.CAMERA" />
17-->[:camera] AndroidManifest.xml:7:5-65
17-->[:camera] AndroidManifest.xml:7:22-62
18    <uses-permission android:name="android.permission.RECORD_AUDIO" />
18-->[:camera] AndroidManifest.xml:8:5-71
18-->[:camera] AndroidManifest.xml:8:22-68
19    <!--
20 io.flutter.app.FlutterApplication is an android.app.Application that
21         calls FlutterMain.startInitialization(this); in its onCreate method.
22         In most cases you can leave this as-is, but you if you want to provide
23         additional functionality it is fine to subclass or reimplement
24         FlutterApplication and put your custom class here.
25    -->
26    <application
26-->src/main/AndroidManifest.xml:8:5-75:19
27        android:name="io.flutter.app.FlutterApplication"
27-->src/main/AndroidManifest.xml:9:13-61
28        android:appComponentFactory="androidx.core.app.CoreComponentFactory"
28-->[androidx.core:core:1.1.0] AndroidManifest.xml:24:18-86
29        android:debuggable="true"
30        android:icon="@mipmap/ic_launcher"
30-->src/main/AndroidManifest.xml:11:13-47
31        android:label="Globens"
31-->src/main/AndroidManifest.xml:10:13-36
32        android:supportsRtl="true" >
32-->[com.facebook.android:facebook-login:5.5.1] AndroidManifest.xml:28:18-44
33        <activity
33-->src/main/AndroidManifest.xml:12:9-40:20
34            android:name="uz.globens_flutter_client.MainActivity"
34-->src/main/AndroidManifest.xml:13:17-45
35            android:configChanges="orientation|keyboardHidden|keyboard|screenSize|smallestScreenSize|locale|layoutDirection|fontScale|screenLayout|density|uiMode"
35-->src/main/AndroidManifest.xml:16:17-167
36            android:hardwareAccelerated="true"
36-->src/main/AndroidManifest.xml:17:17-51
37            android:launchMode="singleTop"
37-->src/main/AndroidManifest.xml:14:17-47
38            android:theme="@style/LaunchTheme"
38-->src/main/AndroidManifest.xml:15:17-51
39            android:windowSoftInputMode="adjustResize" >
39-->src/main/AndroidManifest.xml:18:17-59
40
41            <!--
42                 Specifies an Android theme to apply to this Activity as soon as
43                 the Android process has started. This theme is visible to the user
44                 while the Flutter UI initializes. After that, this theme continues
45                 to determine the Window background behind the Flutter UI.
46            -->
47            <meta-data
47-->src/main/AndroidManifest.xml:23:13-26:15
48                android:name="io.flutter.embedding.android.NormalTheme"
48-->src/main/AndroidManifest.xml:24:21-76
49                android:resource="@style/NormalTheme" />
49-->src/main/AndroidManifest.xml:25:21-58
50            <!--
51                 Displays an Android View that continues showing the launch screen
52                 Drawable until Flutter paints its first frame, then this splash
53                 screen fades out. A splash screen is useful to avoid any visual
54                 gap between the end of Android's launch screen and the painting of
55                 Flutter's first frame.
56            -->
57            <meta-data
57-->src/main/AndroidManifest.xml:32:13-35:15
58                android:name="io.flutter.embedding.android.SplashScreenDrawable"
58-->src/main/AndroidManifest.xml:33:21-85
59                android:resource="@drawable/launch_background" />
59-->src/main/AndroidManifest.xml:34:21-67
60
61            <intent-filter>
61-->src/main/AndroidManifest.xml:36:13-39:29
62                <action android:name="android.intent.action.MAIN" />
62-->src/main/AndroidManifest.xml:37:17-68
62-->src/main/AndroidManifest.xml:37:25-66
63
64                <category android:name="android.intent.category.LAUNCHER" />
64-->src/main/AndroidManifest.xml:38:17-76
64-->src/main/AndroidManifest.xml:38:27-74
65            </intent-filter>
66        </activity>
67        <activity
67-->src/main/AndroidManifest.xml:41:9-48:20
68            android:name="com.kakao.sdk.flutter.AuthCodeCustomTabsActivity"
68-->src/main/AndroidManifest.xml:41:19-82
69            android:exported="true"
69-->[:kakao_flutter_sdk] AndroidManifest.xml:15:13-36
70            android:launchMode="singleTask"
70-->[:kakao_flutter_sdk] AndroidManifest.xml:16:13-44
71            android:theme="@style/TransparentCompat" >
71-->[:kakao_flutter_sdk] AndroidManifest.xml:17:13-53
72            <intent-filter android:label="flutter_web_auth" >
72-->src/main/AndroidManifest.xml:42:13-47:29
72-->src/main/AndroidManifest.xml:42:28-60
73                <action android:name="android.intent.action.VIEW" />
73-->src/main/AndroidManifest.xml:43:17-68
73-->src/main/AndroidManifest.xml:43:25-66
74
75                <category android:name="android.intent.category.DEFAULT" />
75-->src/main/AndroidManifest.xml:44:17-75
75-->src/main/AndroidManifest.xml:44:27-73
76                <category android:name="android.intent.category.BROWSABLE" />
76-->src/main/AndroidManifest.xml:45:17-77
76-->src/main/AndroidManifest.xml:45:27-75
77
78                <data
78-->src/main/AndroidManifest.xml:46:17-100
79                    android:host="oauth"
79-->src/main/AndroidManifest.xml:46:78-98
80                    android:scheme="kakao25bf75f9c559f5f1f78da11571eb818a" />
80-->src/main/AndroidManifest.xml:46:23-77
81            </intent-filter>
82        </activity>
83        <!--
84             Don't delete the meta-data below.
85             This is used by the Flutter tool to generate GeneratedPluginRegistrant.java
86        -->
87        <meta-data
87-->src/main/AndroidManifest.xml:51:9-53:36
88            android:name="flutterEmbedding"
88-->src/main/AndroidManifest.xml:52:17-48
89            android:value="2" />
89-->src/main/AndroidManifest.xml:53:17-34
90        <meta-data
90-->src/main/AndroidManifest.xml:55:9-56:61
91            android:name="com.facebook.sdk.ApplicationId"
91-->src/main/AndroidManifest.xml:55:20-65
92            android:value="@string/facebook_app_id" />
92-->src/main/AndroidManifest.xml:56:20-59
93
94        <activity
94-->src/main/AndroidManifest.xml:58:9-61:53
95            android:name="com.facebook.FacebookActivity"
95-->src/main/AndroidManifest.xml:58:19-63
96            android:configChanges="keyboard|keyboardHidden|screenLayout|screenSize|orientation"
96-->src/main/AndroidManifest.xml:59:19-129
97            android:label="@string/app_name"
97-->src/main/AndroidManifest.xml:61:19-51
98            android:theme="@style/com_facebook_activity_theme" />
98-->[com.facebook.android:facebook-common:5.5.1] AndroidManifest.xml:32:13-63
99        <activity
99-->src/main/AndroidManifest.xml:63:9-72:20
100            android:name="com.facebook.CustomTabActivity"
100-->src/main/AndroidManifest.xml:64:17-62
101            android:exported="true" >
101-->src/main/AndroidManifest.xml:65:17-40
102            <intent-filter>
102-->src/main/AndroidManifest.xml:66:13-71:29
103                <action android:name="android.intent.action.VIEW" />
103-->src/main/AndroidManifest.xml:43:17-68
103-->src/main/AndroidManifest.xml:43:25-66
104
105                <category android:name="android.intent.category.DEFAULT" />
105-->src/main/AndroidManifest.xml:44:17-75
105-->src/main/AndroidManifest.xml:44:27-73
106                <category android:name="android.intent.category.BROWSABLE" />
106-->src/main/AndroidManifest.xml:45:17-77
106-->src/main/AndroidManifest.xml:45:27-75
107
108                <data android:scheme="@string/fb_login_protocol_scheme" />
108-->src/main/AndroidManifest.xml:46:17-100
108-->src/main/AndroidManifest.xml:46:23-77
109            </intent-filter>
110        </activity>
111        <activity
111-->[:kakao_flutter_sdk] AndroidManifest.xml:8:9-12:20
112            android:name="com.kakao.sdk.flutter.TalkAuthCodeActivity"
112-->[:kakao_flutter_sdk] AndroidManifest.xml:9:13-70
113            android:launchMode="singleTask"
113-->[:kakao_flutter_sdk] AndroidManifest.xml:10:13-44
114            android:theme="@style/TransparentCompat" >
114-->[:kakao_flutter_sdk] AndroidManifest.xml:11:13-53
115        </activity>
116
117        <provider
117-->[:image_picker] AndroidManifest.xml:11:9-19:20
118            android:name="io.flutter.plugins.imagepicker.ImagePickerFileProvider"
118-->[:image_picker] AndroidManifest.xml:12:13-82
119            android:authorities="uz.globens.flutter.image_provider"
119-->[:image_picker] AndroidManifest.xml:13:13-74
120            android:exported="false"
120-->[:image_picker] AndroidManifest.xml:14:13-37
121            android:grantUriPermissions="true" >
121-->[:image_picker] AndroidManifest.xml:15:13-47
122            <meta-data
122-->[:image_picker] AndroidManifest.xml:16:13-18:75
123                android:name="android.support.FILE_PROVIDER_PATHS"
123-->[:image_picker] AndroidManifest.xml:17:17-67
124                android:resource="@xml/flutter_image_picker_file_paths" />
124-->[:image_picker] AndroidManifest.xml:18:17-72
125        </provider>
126
127        <activity android:name="com.facebook.CustomTabMainActivity" />
127-->[com.facebook.android:facebook-common:5.5.1] AndroidManifest.xml:33:9-71
127-->[com.facebook.android:facebook-common:5.5.1] AndroidManifest.xml:33:19-68
128        <activity
128-->[com.google.android.gms:play-services-auth:16.0.1] AndroidManifest.xml:23:9-27:75
129            android:name="com.google.android.gms.auth.api.signin.internal.SignInHubActivity"
129-->[com.google.android.gms:play-services-auth:16.0.1] AndroidManifest.xml:24:13-93
130            android:excludeFromRecents="true"
130-->[com.google.android.gms:play-services-auth:16.0.1] AndroidManifest.xml:25:13-46
131            android:exported="false"
131-->[com.google.android.gms:play-services-auth:16.0.1] AndroidManifest.xml:26:13-37
132            android:theme="@android:style/Theme.Translucent.NoTitleBar" />
132-->[com.google.android.gms:play-services-auth:16.0.1] AndroidManifest.xml:27:13-72
133        <!--
134            Service handling Google Sign-In user revocation. For apps that do not integrate with
135            Google Sign-In, this service will never be started.
136        -->
137        <service
137-->[com.google.android.gms:play-services-auth:16.0.1] AndroidManifest.xml:33:9-36:110
138            android:name="com.google.android.gms.auth.api.signin.RevocationBoundService"
138-->[com.google.android.gms:play-services-auth:16.0.1] AndroidManifest.xml:34:13-89
139            android:exported="true"
139-->[com.google.android.gms:play-services-auth:16.0.1] AndroidManifest.xml:35:13-36
140            android:permission="com.google.android.gms.auth.api.signin.permission.REVOCATION_NOTIFICATION" />
140-->[com.google.android.gms:play-services-auth:16.0.1] AndroidManifest.xml:36:13-107
141
142        <activity
142-->[com.google.android.gms:play-services-base:16.0.1] AndroidManifest.xml:23:9-26:75
143            android:name="com.google.android.gms.common.api.GoogleApiActivity"
143-->[com.google.android.gms:play-services-base:16.0.1] AndroidManifest.xml:24:13-79
144            android:exported="false"
144-->[com.google.android.gms:play-services-base:16.0.1] AndroidManifest.xml:25:13-37
145            android:theme="@android:style/Theme.Translucent.NoTitleBar" />
145-->[com.google.android.gms:play-services-base:16.0.1] AndroidManifest.xml:26:13-72
146
147        <meta-data
147-->[com.google.android.gms:play-services-basement:16.0.1] AndroidManifest.xml:23:9-25:69
148            android:name="com.google.android.gms.version"
148-->[com.google.android.gms:play-services-basement:16.0.1] AndroidManifest.xml:24:13-58
149            android:value="@integer/google_play_services_version" />
149-->[com.google.android.gms:play-services-basement:16.0.1] AndroidManifest.xml:25:13-66
150        <!--
151         The initialization ContentProvider will call FacebookSdk.sdkInitialize automatically
152         with the application context. This config is merged in with the host app's manifest,
153         but there can only be one provider with the same authority activated at any given
154         point; so if the end user has two or more different apps that use Facebook SDK, only the
155         first one will be able to use the provider. To work around this problem, we use the
156         following placeholder in the authority to identify each host application as if it was
157         a completely different provider.
158        -->
159        <provider
159-->[com.facebook.android:facebook-core:5.5.1] AndroidManifest.xml:39:9-42:40
160            android:name="com.facebook.internal.FacebookInitProvider"
160-->[com.facebook.android:facebook-core:5.5.1] AndroidManifest.xml:40:13-70
161            android:authorities="uz.globens.FacebookInitProvider"
161-->[com.facebook.android:facebook-core:5.5.1] AndroidManifest.xml:41:13-72
162            android:exported="false" />
162-->[com.facebook.android:facebook-core:5.5.1] AndroidManifest.xml:42:13-37
163
164        <receiver
164-->[com.facebook.android:facebook-core:5.5.1] AndroidManifest.xml:44:9-50:20
165            android:name="com.facebook.CurrentAccessTokenExpirationBroadcastReceiver"
165-->[com.facebook.android:facebook-core:5.5.1] AndroidManifest.xml:45:13-86
166            android:exported="false" >
166-->[com.facebook.android:facebook-core:5.5.1] AndroidManifest.xml:46:13-37
167            <intent-filter>
167-->[com.facebook.android:facebook-core:5.5.1] AndroidManifest.xml:47:13-49:29
168                <action android:name="com.facebook.sdk.ACTION_CURRENT_ACCESS_TOKEN_CHANGED" />
168-->[com.facebook.android:facebook-core:5.5.1] AndroidManifest.xml:48:17-95
168-->[com.facebook.android:facebook-core:5.5.1] AndroidManifest.xml:48:25-92
169            </intent-filter>
170        </receiver>
171        <receiver
171-->[com.facebook.android:facebook-core:5.5.1] AndroidManifest.xml:51:9-58:20
172            android:name="com.facebook.CampaignTrackingReceiver"
172-->[com.facebook.android:facebook-core:5.5.1] AndroidManifest.xml:52:13-65
173            android:exported="true"
173-->[com.facebook.android:facebook-core:5.5.1] AndroidManifest.xml:53:13-36
174            android:permission="android.permission.INSTALL_PACKAGES" >
174-->[com.facebook.android:facebook-core:5.5.1] AndroidManifest.xml:54:13-69
175            <intent-filter>
175-->[com.facebook.android:facebook-core:5.5.1] AndroidManifest.xml:55:13-57:29
176                <action android:name="com.android.vending.INSTALL_REFERRER" />
176-->[com.facebook.android:facebook-core:5.5.1] AndroidManifest.xml:56:17-79
176-->[com.facebook.android:facebook-core:5.5.1] AndroidManifest.xml:56:25-76
177            </intent-filter>
178        </receiver>
179    </application>
180
181</manifest>